<?xml version="1.0" encoding="UTF-8" ?>
<testsuite errors="1" failures="0" hostname="MBP-de-Quentin.canalbox.lan" name="calculatriceTest" skipped="0" tests="1" time="0.0" timestamp="2018-12-14T01:15:06">
  <properties>
    <property name="java.vendor" value="Oracle Corporation" />
    <property name="lib.dir" value="lib" />
    <property name="sun.java.launcher" value="SUN_STANDARD" />
    <property name="sun.management.compiler" value="HotSpot 64-Bit Tiered Compilers" />
    <property name="os.name" value="Mac OS X" />
    <property name="sun.boot.class.path" value="/Library/Java/JavaVirtualMachines/jdk1.8.0_112.jdk/Contents/Home/jre/lib/resources.jar:/Library/Java/JavaVirtualMachines/jdk1.8.0_112.jdk/Contents/Home/jre/lib/rt.jar:/Library/Java/JavaVirtualMachines/jdk1.8.0_112.jdk/Contents/Home/jre/lib/sunrsasign.jar:/Library/Java/JavaVirtualMachines/jdk1.8.0_112.jdk/Contents/Home/jre/lib/jsse.jar:/Library/Java/JavaVirtualMachines/jdk1.8.0_112.jdk/Contents/Home/jre/lib/jce.jar:/Library/Java/JavaVirtualMachines/jdk1.8.0_112.jdk/Contents/Home/jre/lib/charsets.jar:/Library/Java/JavaVirtualMachines/jdk1.8.0_112.jdk/Contents/Home/jre/lib/jfr.jar:/Library/Java/JavaVirtualMachines/jdk1.8.0_112.jdk/Contents/Home/jre/classes" />
    <property name="user.country.format" value="GP" />
    <property name="java.vm.specification.vendor" value="Oracle Corporation" />
    <property name="ant.home" value="/Users/Oak/Documents/M1 MIAGE/Ingénérie logiciel/Clergue/Ant/apache-ant-1.10.5" />
    <property name="jar.dir" value="build/jar" />
    <property name="java.runtime.version" value="1.8.0_112-b16" />
    <property name="user.name" value="Oak" />
    <property name="build.dir" value="build" />
    <property name="user.language" value="fr" />
    <property name="sun.boot.library.path" value="/Library/Java/JavaVirtualMachines/jdk1.8.0_112.jdk/Contents/Home/jre/lib" />
    <property name="ant.project.default-target" value="main" />
    <property name="doc.dir" value="doc" />
    <property name="ant.project.name" value="CalculatriceIncrementale" />
    <property name="java.version" value="1.8.0_112" />
    <property name="user.timezone" value="" />
    <property name="sun.arch.data.model" value="64" />
    <property name="http.nonProxyHosts" value="local|*.local|169.254/16|*.169.254/16" />
    <property name="java.endorsed.dirs" value="/Library/Java/JavaVirtualMachines/jdk1.8.0_112.jdk/Contents/Home/jre/lib/endorsed" />
    <property name="sun.cpu.isalist" value="" />
    <property name="sun.jnu.encoding" value="UTF-8" />
    <property name="file.encoding.pkg" value="sun.io" />
    <property name="file.separator" value="/" />
    <property name="java.specification.name" value="Java Platform API Specification" />
    <property name="classes.dir" value="build/classes" />
    <property name="java.class.version" value="52.0" />
    <property name="user.country" value="FR" />
    <property name="java.home" value="/Library/Java/JavaVirtualMachines/jdk1.8.0_112.jdk/Contents/Home/jre" />
    <property name="java.vm.info" value="mixed mode" />
    <property name="main-class" value="CalculatriceIncrementale" />
    <property name="ant.file" value="/Users/Oak/Documents/M1 MIAGE/Ingénérie logiciel/Clergue/Tutoriel ant/build.xml" />
    <property name="os.version" value="10.14.2" />
    <property name="path.separator" value=":" />
    <property name="java.vm.version" value="25.112-b16" />
    <property name="ant.library.dir" value="/Users/Oak/Documents/M1 MIAGE/Ingénérie logiciel/Clergue/Ant/apache-ant-1.10.5/lib" />
    <property name="java.awt.printerjob" value="sun.lwawt.macosx.CPrinterJob" />
    <property name="sun.io.unicode.encoding" value="UnicodeBig" />
    <property name="awt.toolkit" value="sun.lwawt.macosx.LWCToolkit" />
    <property name="socksNonProxyHosts" value="local|*.local|169.254/16|*.169.254/16" />
    <property name="ftp.nonProxyHosts" value="local|*.local|169.254/16|*.169.254/16" />
    <property name="ant.file.CalculatriceIncrementale" value="/Users/Oak/Documents/M1 MIAGE/Ingénérie logiciel/Clergue/Tutoriel ant/build.xml" />
    <property name="user.home" value="/Users/Oak" />
    <property name="java.specification.vendor" value="Oracle Corporation" />
    <property name="junit.dir" value="junit" />
    <property name="java.library.path" value="/Users/Oak/Library/Java/Extensions:/Library/Java/Extensions:/Network/Library/Java/Extensions:/System/Library/Java/Extensions:/usr/lib/java:." />
    <property name="java.vendor.url" value="http://java.oracle.com/" />
    <property name="java.vm.vendor" value="Oracle Corporation" />
    <property name="gopherProxySet" value="false" />
    <property name="java.runtime.name" value="Java(TM) SE Runtime Environment" />
    <property name="sun.java.command" value="org.apache.tools.ant.taskdefs.optional.junit.JUnitTestRunner calculatriceTest skipNonTests=false filtertrace=true haltOnError=false haltOnFailure=false formatter=org.apache.tools.ant.taskdefs.optional.junit.SummaryJUnitResultFormatter showoutput=false outputtoformatters=true logfailedtests=true threadid=0 logtestlistenerevents=false formatter=org.apache.tools.ant.taskdefs.optional.junit.XMLJUnitResultFormatter,/Users/Oak/Documents/M1 MIAGE/Ingénérie logiciel/Clergue/Tutoriel ant/TEST-calculatriceTest.xml crashfile=/Users/Oak/Documents/M1 MIAGE/Ingénérie logiciel/Clergue/Tutoriel ant/junitvmwatcher7077046355110241216.properties propsfile=/Users/Oak/Documents/M1 MIAGE/Ingénérie logiciel/Clergue/Tutoriel ant/junit8152840988270689887.properties" />
    <property name="java.class.path" value="/Users/Oak/Documents/M1 MIAGE/Ingénérie logiciel/Clergue/Tutoriel ant/lib/junit-4.12.jar:/Users/Oak/Documents/M1 MIAGE/Ingénérie logiciel/Clergue/Tutoriel ant/build/classes:/Users/Oak/Documents/M1 MIAGE/Ingénérie logiciel/Clergue/Ant/apache-ant-1.10.5/lib/ant-launcher.jar:/Users/Oak/Documents/M1 MIAGE/Ingénérie logiciel/Clergue/Ant/apache-ant-1.10.5/lib/ant.jar:/Users/Oak/Documents/M1 MIAGE/Ingénérie logiciel/Clergue/Ant/apache-ant-1.10.5/lib/ant-junit.jar:/Users/Oak/Documents/M1 MIAGE/Ingénérie logiciel/Clergue/Ant/apache-ant-1.10.5/lib/ant-junit4.jar" />
    <property name="ant.version" value="Apache Ant(TM) version 1.10.5 compiled on July 10 2018" />
    <property name="ant.file.type.CalculatriceIncrementale" value="file" />
    <property name="java.vm.specification.name" value="Java Virtual Machine Specification" />
    <property name="ant.file.type" value="file" />
    <property name="java.vm.specification.version" value="1.8" />
    <property name="sun.cpu.endian" value="little" />
    <property name="sun.os.patch.level" value="unknown" />
    <property name="java.io.tmpdir" value="/var/folders/f_/sc1mbp7915sc0dp6vldqnggr0000gn/T/" />
    <property name="java.vendor.url.bug" value="http://bugreport.sun.com/bugreport/" />
    <property name="os.arch" value="x86_64" />
    <property name="java.awt.graphicsenv" value="sun.awt.CGraphicsEnvironment" />
    <property name="java.ext.dirs" value="/Users/Oak/Library/Java/Extensions:/Library/Java/JavaVirtualMachines/jdk1.8.0_112.jdk/Contents/Home/jre/lib/ext:/Library/Java/Extensions:/Network/Library/Java/Extensions:/System/Library/Java/Extensions:/usr/lib/java" />
    <property name="user.dir" value="/Users/Oak/Documents/M1 MIAGE/Ingénérie logiciel/Clergue/Tutoriel ant" />
    <property name="line.separator" value="&#xa;" />
    <property name="java.vm.name" value="Java HotSpot(TM) 64-Bit Server VM" />
    <property name="basedir" value="/Users/Oak/Documents/M1 MIAGE/Ingénérie logiciel/Clergue/Tutoriel ant" />
    <property name="ant.java.version" value="1.8" />
    <property name="ant.core.lib" value="/Users/Oak/Documents/M1 MIAGE/Ingénérie logiciel/Clergue/Ant/apache-ant-1.10.5/lib/ant.jar" />
    <property name="file.encoding" value="UTF-8" />
    <property name="java.specification.version" value="1.8" />
    <property name="src.dir" value="src" />
    <property name="ant.project.invoked-targets" value="testjunit" />
  </properties>
  <error message="calculatriceTest" type="java.lang.ClassNotFoundException">java.lang.ClassNotFoundException: calculatriceTest
	at java.net.URLClassLoader.findClass(URLClassLoader.java:381)
	at java.lang.ClassLoader.loadClass(ClassLoader.java:424)
	at sun.misc.Launcher$AppClassLoader.loadClass(Launcher.java:331)
	at java.lang.ClassLoader.loadClass(ClassLoader.java:357)
	at java.lang.Class.forName0(Native Method)
	at java.lang.Class.forName(Class.java:348)
</error>
  <system-out><![CDATA[]]></system-out>
  <system-err><![CDATA[]]></system-err>
</testsuite>
